
ROM used:   109/2048 (5%)
            109/2048 (5%) including unused fragments

            0.2 Average locations per line
            2.3 Average locations per statement

RAM used:   4/24 (17%) at main() level
            5/24 (21%) worst case

Stack used: 0 worst case (0 in main + 0 for interrupts)
Stack size: 2

Lines Stmts  %   Files
----- ----- ---  -----
  109    47 100  M16C5x.c
    7     0   0  ..\..\..\Documents and Settings\morrisma\My Documents\MAM-Projects\1020-M16C5x\M16C5x.h
  375     0   0  ..\..\..\Program Files\PICC\Devices\16F57.h
----- -----
  491    47 Total

Page ROM  %  RAM   Vol Diff  Functions:
---- --- --- ---   --- ----  ----------
0     12  11    1   138  3.0  set_baud
0     25  23    1   231  4.1  get_char
0     39  36    1   320  6.0  put_char
0     33  30    0   313  3.7  MAIN
 Inline         0             @cinit1

Program metrics:
    Functions               4
    Statements              47
    Comments                55
    Volume (V)              1395
    Difficulty (D)          16.6
    Effort to implement (E) 23205
    Time to implement (T)   21 minutes
    Est Delivered Bugs (B)  0
    Cyclomatic Complexity   5
    Maintainability (MI)    75

 Segment     Used  Free
-----------  ----  ----
00000-001FF   109  399  
00200-003FF     0  512  
00400-005FF     0  512  
00600-007FF     0  512  



